<?xml version="1.0" encoding="utf-8"?><testsuites name="pytest tests"><testsuite name="pytest" errors="0" failures="0" skipped="0" tests="16" time="3.190" timestamp="2026-05-25T06:35:00.103151+00:00" hostname="agent-env-09dfdf79-0912-44fb-b852-a0522093d8de"><testcase classname="backend.tests.test_iter2_features.TestGitHub" name="test_auth_status_disconnected" time="0.337" /><testcase classname="backend.tests.test_iter2_features.TestGitHub" name="test_auth_invalid_token_400" time="0.347" /><testcase classname="backend.tests.test_iter2_features.TestGitHub" name="test_auth_short_token_400" time="0.219" /><testcase classname="backend.tests.test_iter2_features.TestGitHub" name="test_repos_requires_connection" time="0.216" /><testcase classname="backend.tests.test_iter2_features.TestGitHub" name="test_clone_requires_connection" time="0.252" /><testcase classname="backend.tests.test_iter2_features.TestGitHub" name="test_auth_delete_returns_ok" time="0.230" /><testcase classname="backend.tests.test_iter2_features.TestGauntletIgnore" name="test_seeded_in_new_project" time="0.265" /><testcase classname="backend.tests.test_iter2_features.TestAudit" name="test_audit_returns_100_point_score" time="0.066" /><testcase classname="backend.tests.test_iter2_features.TestAudit" name="test_audit_deterministic" time="0.136" /><testcase classname="backend.tests.test_iter2_features.TestAudit" name="test_recommendations_have_target_file" time="0.122" /><testcase classname="backend.tests.test_iter2_features.TestUploadDownload" name="test_upload_then_audit_count_increments" time="0.234" /><testcase classname="backend.tests.test_iter2_features.TestUploadDownload" name="test_download_file_streams_content" time="0.165" /><testcase classname="backend.tests.test_iter2_features.TestUploadDownload" name="test_download_zip_returns_archive" time="0.106" /><testcase classname="backend.tests.test_iter2_features.TestAgents" name="test_list_initial_empty" time="0.113" /><testcase classname="backend.tests.test_iter2_features.TestAgents" name="test_create_without_name_400" time="0.054" /><testcase classname="backend.tests.test_iter2_features.TestAgents" name="test_create_then_delete" time="0.226" /></testsuite></testsuites>