<?xml version="1.0" encoding="utf-8"?><testsuites name="pytest tests"><testsuite name="pytest" errors="0" failures="1" skipped="0" tests="15" time="5.414" timestamp="2026-05-23T03:25:45.403784+00:00" hostname="agent-env-09dfdf79-0912-44fb-b852-a0522093d8de"><testcase classname="backend.tests.test_gauntlet_devspace.TestHealth" name="test_root_health" time="0.220" /><testcase classname="backend.tests.test_gauntlet_devspace.TestAuth" name="test_me_with_bearer" time="0.116" /><testcase classname="backend.tests.test_gauntlet_devspace.TestAuth" name="test_me_without_token" time="0.120" /><testcase classname="backend.tests.test_gauntlet_devspace.TestProjects" name="test_create_lists_and_seeded_files" time="0.174" /><testcase classname="backend.tests.test_gauntlet_devspace.TestProjects" name="test_read_main_py" time="0.056" /><testcase classname="backend.tests.test_gauntlet_devspace.TestProjects" name="test_write_file" time="0.094" /><testcase classname="backend.tests.test_gauntlet_devspace.TestGauntlet" name="test_korotkevich_flags_range_len" time="0.050"><failure message="AssertionError: no korotkevich in {'korotkevich': True, 'torvalds': True, 'carmack': True, 'hamilton': True, 'ritchie': True, 'score': 5, 'language': 'python', 'issues': [{'master': 'korotkevich', 'line': 3, 'message': 'for i in range(len(x)) - use enumerate() or iterate directly', 'severity': 'warning'}], 'masters': [{'key': 'korotkevich', 'label': 'Efficiency', 'passed': True}, {'key': 'torvalds', 'label': 'Error Handling', 'passed': True}, {'key': 'carmack', 'label': 'Performance', 'passed': True}, {'key': 'hamilton', 'label': 'Fault Tolerance', 'passed': True}, {'key': 'ritchie', 'label': 'Clarity', 'passed': True}]}&#10;assert None is not None">backend/tests/test_gauntlet_devspace.py:125: in test_korotkevich_flags_range_len
    assert kor is not None, f"no korotkevich in {rep}"
E   AssertionError: no korotkevich in {'korotkevich': True, 'torvalds': True, 'carmack': True, 'hamilton': True, 'ritchie': True, 'score': 5, 'language': 'python', 'issues': [{'master': 'korotkevich', 'line': 3, 'message': 'for i in range(len(x)) - use enumerate() or iterate directly', 'severity': 'warning'}], 'masters': [{'key': 'korotkevich', 'label': 'Efficiency', 'passed': True}, {'key': 'torvalds', 'label': 'Error Handling', 'passed': True}, {'key': 'carmack', 'label': 'Performance', 'passed': True}, {'key': 'hamilton', 'label': 'Fault Tolerance', 'passed': True}, {'key': 'ritchie', 'label': 'Clarity', 'passed': True}]}
E   assert None is not None</failure></testcase><testcase classname="backend.tests.test_gauntlet_devspace.TestGovernance" name="test_scan_blocks_rm_rf_root" time="0.052" /><testcase classname="backend.tests.test_gauntlet_devspace.TestGovernance" name="test_override_wrong_password" time="0.062" /><testcase classname="backend.tests.test_gauntlet_devspace.TestGovernance" name="test_override_correct_password_returns_token" time="0.056" /><testcase classname="backend.tests.test_gauntlet_devspace.TestTerminal" name="test_ls_la_ok" time="0.052" /><testcase classname="backend.tests.test_gauntlet_devspace.TestTerminal" name="test_rm_rf_root_returns_423" time="0.056" /><testcase classname="backend.tests.test_gauntlet_devspace.TestTerminal" name="test_rm_rf_root_with_override_token_passes_block" time="0.156" /><testcase classname="backend.tests.test_gauntlet_devspace.TestGit" name="test_status_and_commit" time="0.157" /><testcase classname="backend.tests.test_gauntlet_devspace.TestAIChat" name="test_chat_never_500" time="3.769" /></testsuite></testsuites>